2022-07-19 16:45:52.473 [SpringContextShutdownHook] INFO 
                o.s.scheduling.concurrent.ThreadPoolTaskExecutor - Shutting down ExecutorService 'applicationTaskExecutor'
2022-07-19 16:45:52.476 [SpringContextShutdownHook] INFO 
                com.zaxxer.hikari.HikariDataSource - HikariPool-1 - Shutdown initiated...
2022-07-19 16:45:52.477 [SpringContextShutdownHook] INFO 
                com.zaxxer.hikari.HikariDataSource - HikariPool-1 - Shutdown completed.
2022-07-19 16:45:55.849 [main] INFO 
                com.tnt.eduservice.EduApplication - Starting EduApplication on MrHdeMacBook-Air.local with PID 35029 (started by tnt in /Users/tnt/Code/项目/guli_parent)
2022-07-19 16:45:55.850 [main] INFO 
                com.tnt.eduservice.EduApplication - The following profiles are active: dev
2022-07-19 16:45:56.269 [main] INFO 
                o.s.d.r.config.RepositoryConfigurationDelegate - Multiple Spring Data modules found, entering strict repository configuration mode!
2022-07-19 16:45:56.271 [main] INFO 
                o.s.d.r.config.RepositoryConfigurationDelegate - Bootstrapping Spring Data repositories in DEFAULT mode.
2022-07-19 16:45:56.282 [main] INFO 
                o.s.d.r.config.RepositoryConfigurationDelegate - Finished Spring Data repository scanning in 3ms. Found 0 repository interfaces.
2022-07-19 16:45:56.414 [main] INFO 
                o.s.c.s.PostProcessorRegistrationDelegate$BeanPostProcessorChecker - Bean 'org.springframework.transaction.annotation.ProxyTransactionManagementConfiguration' of type [org.springframework.transaction.annotation.ProxyTransactionManagementConfiguration] is not eligible for getting processed by all BeanPostProcessors (for example: not eligible for auto-proxying)
2022-07-19 16:45:56.518 [main] INFO 
                o.s.boot.web.embedded.tomcat.TomcatWebServer - Tomcat initialized with port(s): 8001 (http)
2022-07-19 16:45:56.522 [main] INFO 
                org.apache.coyote.http11.Http11NioProtocol - Initializing ProtocolHandler ["http-nio-8001"]
2022-07-19 16:45:56.522 [main] INFO 
                org.apache.catalina.core.StandardService - Starting service [Tomcat]
2022-07-19 16:45:56.522 [main] INFO 
                org.apache.catalina.core.StandardEngine - Starting Servlet engine: [Apache Tomcat/9.0.27]
2022-07-19 16:45:56.557 [main] INFO 
                o.a.c.core.ContainerBase.[Tomcat].[localhost].[/] - Initializing Spring embedded WebApplicationContext
2022-07-19 16:45:56.557 [main] INFO 
                org.springframework.web.context.ContextLoader - Root WebApplicationContext: initialization completed in 671 ms
2022-07-19 16:45:56.643 [main] INFO 
                com.zaxxer.hikari.HikariDataSource - HikariPool-1 - Starting...
2022-07-19 16:45:56.731 [main] INFO 
                com.zaxxer.hikari.HikariDataSource - HikariPool-1 - Start completed.
2022-07-19 16:45:56.943 [main] INFO 
                s.d.s.w.PropertySourcedRequestMappingHandlerMapping - Mapped URL path [/v2/api-docs] onto method [springfox.documentation.swagger2.web.Swagger2Controller#getDocumentation(String, HttpServletRequest)]
2022-07-19 16:45:56.989 [main] INFO 
                o.s.scheduling.concurrent.ThreadPoolTaskExecutor - Initializing ExecutorService 'applicationTaskExecutor'
2022-07-19 16:45:57.226 [main] INFO 
                s.d.s.web.plugins.DocumentationPluginsBootstrapper - Context refreshed
2022-07-19 16:45:57.234 [main] INFO 
                s.d.s.web.plugins.DocumentationPluginsBootstrapper - Found 1 custom documentation plugin(s)
2022-07-19 16:45:57.251 [main] INFO 
                s.d.spring.web.scanners.ApiListingReferenceScanner - Scanning for api listing references
2022-07-19 16:45:57.335 [main] INFO 
                org.apache.coyote.http11.Http11NioProtocol - Starting ProtocolHandler ["http-nio-8001"]
2022-07-19 16:45:57.346 [main] INFO 
                o.s.boot.web.embedded.tomcat.TomcatWebServer - Tomcat started on port(s): 8001 (http) with context path ''
2022-07-19 16:45:57.347 [main] INFO 
                com.tnt.eduservice.EduApplication - Started EduApplication in 1.743 seconds (JVM running for 2.209)
2022-07-19 16:46:33.435 [SpringContextShutdownHook] INFO 
                o.s.scheduling.concurrent.ThreadPoolTaskExecutor - Shutting down ExecutorService 'applicationTaskExecutor'
2022-07-19 16:46:33.437 [SpringContextShutdownHook] INFO 
                com.zaxxer.hikari.HikariDataSource - HikariPool-1 - Shutdown initiated...
2022-07-19 16:46:33.441 [SpringContextShutdownHook] INFO 
                com.zaxxer.hikari.HikariDataSource - HikariPool-1 - Shutdown completed.
2022-07-19 16:46:35.504 [main] INFO 
                com.tnt.eduservice.EduApplication - Starting EduApplication on MrHdeMacBook-Air.local with PID 35142 (started by tnt in /Users/tnt/Code/项目/guli_parent)
2022-07-19 16:46:35.505 [main] INFO 
                com.tnt.eduservice.EduApplication - The following profiles are active: dev
2022-07-19 16:46:36.035 [main] INFO 
                o.s.d.r.config.RepositoryConfigurationDelegate - Multiple Spring Data modules found, entering strict repository configuration mode!
2022-07-19 16:46:36.036 [main] INFO 
                o.s.d.r.config.RepositoryConfigurationDelegate - Bootstrapping Spring Data repositories in DEFAULT mode.
2022-07-19 16:46:36.044 [main] INFO 
                o.s.d.r.config.RepositoryConfigurationDelegate - Finished Spring Data repository scanning in 3ms. Found 0 repository interfaces.
2022-07-19 16:46:36.146 [main] INFO 
                o.s.c.s.PostProcessorRegistrationDelegate$BeanPostProcessorChecker - Bean 'org.springframework.transaction.annotation.ProxyTransactionManagementConfiguration' of type [org.springframework.transaction.annotation.ProxyTransactionManagementConfiguration] is not eligible for getting processed by all BeanPostProcessors (for example: not eligible for auto-proxying)
2022-07-19 16:46:36.236 [main] INFO 
                o.s.boot.web.embedded.tomcat.TomcatWebServer - Tomcat initialized with port(s): 8001 (http)
2022-07-19 16:46:36.241 [main] INFO 
                org.apache.coyote.http11.Http11NioProtocol - Initializing ProtocolHandler ["http-nio-8001"]
2022-07-19 16:46:36.241 [main] INFO 
                org.apache.catalina.core.StandardService - Starting service [Tomcat]
2022-07-19 16:46:36.241 [main] INFO 
                org.apache.catalina.core.StandardEngine - Starting Servlet engine: [Apache Tomcat/9.0.27]
2022-07-19 16:46:36.280 [main] INFO 
                o.a.c.core.ContainerBase.[Tomcat].[localhost].[/] - Initializing Spring embedded WebApplicationContext
2022-07-19 16:46:36.281 [main] INFO 
                org.springframework.web.context.ContextLoader - Root WebApplicationContext: initialization completed in 673 ms
2022-07-19 16:46:36.360 [main] INFO 
                com.zaxxer.hikari.HikariDataSource - HikariPool-1 - Starting...
2022-07-19 16:46:36.454 [main] INFO 
                com.zaxxer.hikari.HikariDataSource - HikariPool-1 - Start completed.
2022-07-19 16:46:36.659 [main] INFO 
                s.d.s.w.PropertySourcedRequestMappingHandlerMapping - Mapped URL path [/v2/api-docs] onto method [springfox.documentation.swagger2.web.Swagger2Controller#getDocumentation(String, HttpServletRequest)]
2022-07-19 16:46:36.711 [main] INFO 
                o.s.scheduling.concurrent.ThreadPoolTaskExecutor - Initializing ExecutorService 'applicationTaskExecutor'
2022-07-19 16:46:36.895 [main] INFO 
                s.d.s.web.plugins.DocumentationPluginsBootstrapper - Context refreshed
2022-07-19 16:46:36.902 [main] INFO 
                s.d.s.web.plugins.DocumentationPluginsBootstrapper - Found 1 custom documentation plugin(s)
2022-07-19 16:46:36.918 [main] INFO 
                s.d.spring.web.scanners.ApiListingReferenceScanner - Scanning for api listing references
2022-07-19 16:46:36.993 [main] INFO 
                org.apache.coyote.http11.Http11NioProtocol - Starting ProtocolHandler ["http-nio-8001"]
2022-07-19 16:46:37.006 [main] INFO 
                o.s.boot.web.embedded.tomcat.TomcatWebServer - Tomcat started on port(s): 8001 (http) with context path ''
2022-07-19 16:46:37.007 [main] INFO 
                com.tnt.eduservice.EduApplication - Started EduApplication in 2.206 seconds (JVM running for 2.522)
2022-07-19 16:46:37.932 [http-nio-8001-exec-1] INFO 
                o.a.c.core.ContainerBase.[Tomcat].[localhost].[/] - Initializing Spring DispatcherServlet 'dispatcherServlet'
2022-07-19 16:46:37.933 [http-nio-8001-exec-1] INFO 
                org.springframework.web.servlet.DispatcherServlet - Initializing Servlet 'dispatcherServlet'
2022-07-19 16:46:37.936 [http-nio-8001-exec-1] INFO 
                org.springframework.web.servlet.DispatcherServlet - Completed initialization in 3 ms
2022-07-19 16:50:03.967 [SpringContextShutdownHook] INFO 
                o.s.scheduling.concurrent.ThreadPoolTaskExecutor - Shutting down ExecutorService 'applicationTaskExecutor'
2022-07-19 16:50:03.968 [SpringContextShutdownHook] INFO 
                com.zaxxer.hikari.HikariDataSource - HikariPool-1 - Shutdown initiated...
2022-07-19 16:50:03.974 [SpringContextShutdownHook] INFO 
                com.zaxxer.hikari.HikariDataSource - HikariPool-1 - Shutdown completed.
2022-07-19 16:50:06.572 [main] INFO 
                com.tnt.eduservice.EduApplication - Starting EduApplication on MrHdeMacBook-Air.local with PID 35752 (started by tnt in /Users/tnt/Code/项目/guli_parent)
2022-07-19 16:50:06.574 [main] INFO 
                com.tnt.eduservice.EduApplication - The following profiles are active: dev
2022-07-19 16:50:07.119 [main] INFO 
                o.s.d.r.config.RepositoryConfigurationDelegate - Multiple Spring Data modules found, entering strict repository configuration mode!
2022-07-19 16:50:07.120 [main] INFO 
                o.s.d.r.config.RepositoryConfigurationDelegate - Bootstrapping Spring Data repositories in DEFAULT mode.
2022-07-19 16:50:07.129 [main] INFO 
                o.s.d.r.config.RepositoryConfigurationDelegate - Finished Spring Data repository scanning in 3ms. Found 0 repository interfaces.
2022-07-19 16:50:07.237 [main] INFO 
                o.s.c.s.PostProcessorRegistrationDelegate$BeanPostProcessorChecker - Bean 'org.springframework.transaction.annotation.ProxyTransactionManagementConfiguration' of type [org.springframework.transaction.annotation.ProxyTransactionManagementConfiguration] is not eligible for getting processed by all BeanPostProcessors (for example: not eligible for auto-proxying)
2022-07-19 16:50:07.344 [main] INFO 
                o.s.boot.web.embedded.tomcat.TomcatWebServer - Tomcat initialized with port(s): 8001 (http)
2022-07-19 16:50:07.348 [main] INFO 
                org.apache.coyote.http11.Http11NioProtocol - Initializing ProtocolHandler ["http-nio-8001"]
2022-07-19 16:50:07.348 [main] INFO 
                org.apache.catalina.core.StandardService - Starting service [Tomcat]
2022-07-19 16:50:07.348 [main] INFO 
                org.apache.catalina.core.StandardEngine - Starting Servlet engine: [Apache Tomcat/9.0.27]
2022-07-19 16:50:07.382 [main] INFO 
                o.a.c.core.ContainerBase.[Tomcat].[localhost].[/] - Initializing Spring embedded WebApplicationContext
2022-07-19 16:50:07.382 [main] INFO 
                org.springframework.web.context.ContextLoader - Root WebApplicationContext: initialization completed in 764 ms
2022-07-19 16:50:07.467 [main] INFO 
                com.zaxxer.hikari.HikariDataSource - HikariPool-1 - Starting...
2022-07-19 16:50:07.561 [main] INFO 
                com.zaxxer.hikari.HikariDataSource - HikariPool-1 - Start completed.
2022-07-19 16:50:07.772 [main] INFO 
                s.d.s.w.PropertySourcedRequestMappingHandlerMapping - Mapped URL path [/v2/api-docs] onto method [springfox.documentation.swagger2.web.Swagger2Controller#getDocumentation(String, HttpServletRequest)]
2022-07-19 16:50:07.832 [main] INFO 
                o.s.scheduling.concurrent.ThreadPoolTaskExecutor - Initializing ExecutorService 'applicationTaskExecutor'
2022-07-19 16:50:08.064 [main] INFO 
                s.d.s.web.plugins.DocumentationPluginsBootstrapper - Context refreshed
2022-07-19 16:50:08.071 [main] INFO 
                s.d.s.web.plugins.DocumentationPluginsBootstrapper - Found 1 custom documentation plugin(s)
2022-07-19 16:50:08.087 [main] INFO 
                s.d.spring.web.scanners.ApiListingReferenceScanner - Scanning for api listing references
2022-07-19 16:50:08.157 [main] INFO 
                org.apache.coyote.http11.Http11NioProtocol - Starting ProtocolHandler ["http-nio-8001"]
2022-07-19 16:50:08.167 [main] INFO 
                o.s.boot.web.embedded.tomcat.TomcatWebServer - Tomcat started on port(s): 8001 (http) with context path ''
2022-07-19 16:50:08.168 [main] INFO 
                com.tnt.eduservice.EduApplication - Started EduApplication in 1.896 seconds (JVM running for 2.321)
2022-07-19 16:50:24.293 [http-nio-8001-exec-1] INFO 
                o.a.c.core.ContainerBase.[Tomcat].[localhost].[/] - Initializing Spring DispatcherServlet 'dispatcherServlet'
2022-07-19 16:50:24.293 [http-nio-8001-exec-1] INFO 
                org.springframework.web.servlet.DispatcherServlet - Initializing Servlet 'dispatcherServlet'
2022-07-19 16:50:24.298 [http-nio-8001-exec-1] INFO 
                org.springframework.web.servlet.DispatcherServlet - Completed initialization in 4 ms
2022-07-19 16:51:19.445 [SpringContextShutdownHook] INFO 
                o.s.scheduling.concurrent.ThreadPoolTaskExecutor - Shutting down ExecutorService 'applicationTaskExecutor'
2022-07-19 16:51:19.447 [SpringContextShutdownHook] INFO 
                com.zaxxer.hikari.HikariDataSource - HikariPool-1 - Shutdown initiated...
2022-07-19 16:51:19.451 [SpringContextShutdownHook] INFO 
                com.zaxxer.hikari.HikariDataSource - HikariPool-1 - Shutdown completed.
2022-07-19 16:51:21.996 [main] INFO 
                com.tnt.eduservice.EduApplication - Starting EduApplication on MrHdeMacBook-Air.local with PID 35990 (started by tnt in /Users/tnt/Code/项目/guli_parent)
2022-07-19 16:51:21.998 [main] INFO 
                com.tnt.eduservice.EduApplication - The following profiles are active: dev
2022-07-19 16:51:22.409 [main] INFO 
                o.s.d.r.config.RepositoryConfigurationDelegate - Multiple Spring Data modules found, entering strict repository configuration mode!
2022-07-19 16:51:22.410 [main] INFO 
                o.s.d.r.config.RepositoryConfigurationDelegate - Bootstrapping Spring Data repositories in DEFAULT mode.
2022-07-19 16:51:22.418 [main] INFO 
                o.s.d.r.config.RepositoryConfigurationDelegate - Finished Spring Data repository scanning in 3ms. Found 0 repository interfaces.
2022-07-19 16:51:22.522 [main] INFO 
                o.s.c.s.PostProcessorRegistrationDelegate$BeanPostProcessorChecker - Bean 'org.springframework.transaction.annotation.ProxyTransactionManagementConfiguration' of type [org.springframework.transaction.annotation.ProxyTransactionManagementConfiguration] is not eligible for getting processed by all BeanPostProcessors (for example: not eligible for auto-proxying)
2022-07-19 16:51:22.612 [main] INFO 
                o.s.boot.web.embedded.tomcat.TomcatWebServer - Tomcat initialized with port(s): 8001 (http)
2022-07-19 16:51:22.616 [main] INFO 
                org.apache.coyote.http11.Http11NioProtocol - Initializing ProtocolHandler ["http-nio-8001"]
2022-07-19 16:51:22.616 [main] INFO 
                org.apache.catalina.core.StandardService - Starting service [Tomcat]
2022-07-19 16:51:22.616 [main] INFO 
                org.apache.catalina.core.StandardEngine - Starting Servlet engine: [Apache Tomcat/9.0.27]
2022-07-19 16:51:22.650 [main] INFO 
                o.a.c.core.ContainerBase.[Tomcat].[localhost].[/] - Initializing Spring embedded WebApplicationContext
2022-07-19 16:51:22.650 [main] INFO 
                org.springframework.web.context.ContextLoader - Root WebApplicationContext: initialization completed in 598 ms
2022-07-19 16:51:22.742 [main] INFO 
                com.zaxxer.hikari.HikariDataSource - HikariPool-1 - Starting...
2022-07-19 16:51:22.852 [main] INFO 
                com.zaxxer.hikari.HikariDataSource - HikariPool-1 - Start completed.
2022-07-19 16:51:23.070 [main] INFO 
                s.d.s.w.PropertySourcedRequestMappingHandlerMapping - Mapped URL path [/v2/api-docs] onto method [springfox.documentation.swagger2.web.Swagger2Controller#getDocumentation(String, HttpServletRequest)]
2022-07-19 16:51:23.115 [main] INFO 
                o.s.scheduling.concurrent.ThreadPoolTaskExecutor - Initializing ExecutorService 'applicationTaskExecutor'
2022-07-19 16:51:23.314 [main] INFO 
                s.d.s.web.plugins.DocumentationPluginsBootstrapper - Context refreshed
2022-07-19 16:51:23.321 [main] INFO 
                s.d.s.web.plugins.DocumentationPluginsBootstrapper - Found 1 custom documentation plugin(s)
2022-07-19 16:51:23.337 [main] INFO 
                s.d.spring.web.scanners.ApiListingReferenceScanner - Scanning for api listing references
2022-07-19 16:51:23.412 [main] INFO 
                org.apache.coyote.http11.Http11NioProtocol - Starting ProtocolHandler ["http-nio-8001"]
2022-07-19 16:51:23.422 [main] INFO 
                o.s.boot.web.embedded.tomcat.TomcatWebServer - Tomcat started on port(s): 8001 (http) with context path ''
2022-07-19 16:51:23.424 [main] INFO 
                com.tnt.eduservice.EduApplication - Started EduApplication in 1.927 seconds (JVM running for 2.138)
2022-07-19 16:51:31.486 [http-nio-8001-exec-1] INFO 
                o.a.c.core.ContainerBase.[Tomcat].[localhost].[/] - Initializing Spring DispatcherServlet 'dispatcherServlet'
2022-07-19 16:51:31.487 [http-nio-8001-exec-1] INFO 
                org.springframework.web.servlet.DispatcherServlet - Initializing Servlet 'dispatcherServlet'
2022-07-19 16:51:31.492 [http-nio-8001-exec-1] INFO 
                org.springframework.web.servlet.DispatcherServlet - Completed initialization in 5 ms
2022-07-19 19:14:26.090 [SpringContextShutdownHook] INFO 
                o.s.scheduling.concurrent.ThreadPoolTaskExecutor - Shutting down ExecutorService 'applicationTaskExecutor'
2022-07-19 19:14:26.092 [SpringContextShutdownHook] INFO 
                com.zaxxer.hikari.HikariDataSource - HikariPool-1 - Shutdown initiated...
2022-07-19 19:14:26.094 [SpringContextShutdownHook] INFO 
                com.zaxxer.hikari.HikariDataSource - HikariPool-1 - Shutdown completed.
2022-07-19 19:19:29.504 [main] INFO 
                com.tnt.eduservice.EduApplication - Starting EduApplication on MrHdeMacBook-Air.local with PID 1568 (started by tnt in /Users/tnt/Code/项目/guli_parent)
2022-07-19 19:19:29.505 [main] INFO 
                com.tnt.eduservice.EduApplication - The following profiles are active: dev
2022-07-19 19:19:29.898 [main] INFO 
                o.s.d.r.config.RepositoryConfigurationDelegate - Multiple Spring Data modules found, entering strict repository configuration mode!
2022-07-19 19:19:29.899 [main] INFO 
                o.s.d.r.config.RepositoryConfigurationDelegate - Bootstrapping Spring Data repositories in DEFAULT mode.
2022-07-19 19:19:29.908 [main] INFO 
                o.s.d.r.config.RepositoryConfigurationDelegate - Finished Spring Data repository scanning in 3ms. Found 0 repository interfaces.
2022-07-19 19:19:30.037 [main] INFO 
                o.s.c.s.PostProcessorRegistrationDelegate$BeanPostProcessorChecker - Bean 'org.springframework.transaction.annotation.ProxyTransactionManagementConfiguration' of type [org.springframework.transaction.annotation.ProxyTransactionManagementConfiguration] is not eligible for getting processed by all BeanPostProcessors (for example: not eligible for auto-proxying)
2022-07-19 19:19:30.159 [main] INFO 
                o.s.boot.web.embedded.tomcat.TomcatWebServer - Tomcat initialized with port(s): 8001 (http)
2022-07-19 19:19:30.168 [main] INFO 
                org.apache.coyote.http11.Http11NioProtocol - Initializing ProtocolHandler ["http-nio-8001"]
2022-07-19 19:19:30.168 [main] INFO 
                org.apache.catalina.core.StandardService - Starting service [Tomcat]
2022-07-19 19:19:30.168 [main] INFO 
                org.apache.catalina.core.StandardEngine - Starting Servlet engine: [Apache Tomcat/9.0.27]
2022-07-19 19:19:30.213 [main] INFO 
                o.a.c.core.ContainerBase.[Tomcat].[localhost].[/] - Initializing Spring embedded WebApplicationContext
2022-07-19 19:19:30.213 [main] INFO 
                org.springframework.web.context.ContextLoader - Root WebApplicationContext: initialization completed in 673 ms
2022-07-19 19:19:30.315 [main] INFO 
                com.zaxxer.hikari.HikariDataSource - HikariPool-1 - Starting...
2022-07-19 19:19:30.388 [main] INFO 
                org.apache.catalina.core.StandardService - Stopping service [Tomcat]
2022-07-19 19:19:30.396 [main] INFO 
                o.s.b.a.l.ConditionEvaluationReportLoggingListener - 

Error starting ApplicationContext. To display the conditions report re-run your application with 'debug' enabled.
2022-07-19 19:21:04.179 [main] INFO 
                com.tnt.eduservice.EduApplication - Starting EduApplication on MrHdeMacBook-Air.local with PID 1946 (started by tnt in /Users/tnt/Code/项目/guli_parent)
2022-07-19 19:21:04.180 [main] INFO 
                com.tnt.eduservice.EduApplication - The following profiles are active: dev
2022-07-19 19:21:04.569 [main] INFO 
                o.s.d.r.config.RepositoryConfigurationDelegate - Multiple Spring Data modules found, entering strict repository configuration mode!
2022-07-19 19:21:04.571 [main] INFO 
                o.s.d.r.config.RepositoryConfigurationDelegate - Bootstrapping Spring Data repositories in DEFAULT mode.
2022-07-19 19:21:04.583 [main] INFO 
                o.s.d.r.config.RepositoryConfigurationDelegate - Finished Spring Data repository scanning in 4ms. Found 0 repository interfaces.
2022-07-19 19:21:04.705 [main] INFO 
                o.s.c.s.PostProcessorRegistrationDelegate$BeanPostProcessorChecker - Bean 'org.springframework.transaction.annotation.ProxyTransactionManagementConfiguration' of type [org.springframework.transaction.annotation.ProxyTransactionManagementConfiguration] is not eligible for getting processed by all BeanPostProcessors (for example: not eligible for auto-proxying)
2022-07-19 19:21:04.810 [main] INFO 
                o.s.boot.web.embedded.tomcat.TomcatWebServer - Tomcat initialized with port(s): 8001 (http)
2022-07-19 19:21:04.814 [main] INFO 
                org.apache.coyote.http11.Http11NioProtocol - Initializing ProtocolHandler ["http-nio-8001"]
2022-07-19 19:21:04.814 [main] INFO 
                org.apache.catalina.core.StandardService - Starting service [Tomcat]
2022-07-19 19:21:04.814 [main] INFO 
                org.apache.catalina.core.StandardEngine - Starting Servlet engine: [Apache Tomcat/9.0.27]
2022-07-19 19:21:04.850 [main] INFO 
                o.a.c.core.ContainerBase.[Tomcat].[localhost].[/] - Initializing Spring embedded WebApplicationContext
2022-07-19 19:21:04.851 [main] INFO 
                org.springframework.web.context.ContextLoader - Root WebApplicationContext: initialization completed in 635 ms
2022-07-19 19:21:04.932 [main] INFO 
                com.zaxxer.hikari.HikariDataSource - HikariPool-1 - Starting...
2022-07-19 19:21:04.992 [main] INFO 
                org.apache.catalina.core.StandardService - Stopping service [Tomcat]
2022-07-19 19:21:04.996 [main] INFO 
                o.s.b.a.l.ConditionEvaluationReportLoggingListener - 

Error starting ApplicationContext. To display the conditions report re-run your application with 'debug' enabled.
2022-07-19 20:40:44.046 [main] INFO 
                com.tnt.eduservice.EduApplication - Starting EduApplication on MrHdeMacBook-Air.local with PID 13102 (started by tnt in /Users/tnt/Code/项目/guli_parent)
2022-07-19 20:40:44.048 [main] INFO 
                com.tnt.eduservice.EduApplication - The following profiles are active: dev
2022-07-19 20:40:44.491 [main] INFO 
                o.s.d.r.config.RepositoryConfigurationDelegate - Multiple Spring Data modules found, entering strict repository configuration mode!
2022-07-19 20:40:44.492 [main] INFO 
                o.s.d.r.config.RepositoryConfigurationDelegate - Bootstrapping Spring Data repositories in DEFAULT mode.
2022-07-19 20:40:44.503 [main] INFO 
                o.s.d.r.config.RepositoryConfigurationDelegate - Finished Spring Data repository scanning in 4ms. Found 0 repository interfaces.
2022-07-19 20:40:44.639 [main] INFO 
                o.s.c.s.PostProcessorRegistrationDelegate$BeanPostProcessorChecker - Bean 'org.springframework.transaction.annotation.ProxyTransactionManagementConfiguration' of type [org.springframework.transaction.annotation.ProxyTransactionManagementConfiguration] is not eligible for getting processed by all BeanPostProcessors (for example: not eligible for auto-proxying)
2022-07-19 20:40:44.754 [main] INFO 
                o.s.boot.web.embedded.tomcat.TomcatWebServer - Tomcat initialized with port(s): 8001 (http)
2022-07-19 20:40:44.759 [main] INFO 
                org.apache.coyote.http11.Http11NioProtocol - Initializing ProtocolHandler ["http-nio-8001"]
2022-07-19 20:40:44.760 [main] INFO 
                org.apache.catalina.core.StandardService - Starting service [Tomcat]
2022-07-19 20:40:44.760 [main] INFO 
                org.apache.catalina.core.StandardEngine - Starting Servlet engine: [Apache Tomcat/9.0.27]
2022-07-19 20:40:44.795 [main] INFO 
                o.a.c.core.ContainerBase.[Tomcat].[localhost].[/] - Initializing Spring embedded WebApplicationContext
2022-07-19 20:40:44.795 [main] INFO 
                org.springframework.web.context.ContextLoader - Root WebApplicationContext: initialization completed in 704 ms
2022-07-19 20:40:44.886 [main] INFO 
                com.zaxxer.hikari.HikariDataSource - HikariPool-1 - Starting...
2022-07-19 20:40:45.138 [main] INFO 
                com.zaxxer.hikari.HikariDataSource - HikariPool-1 - Start completed.
2022-07-19 20:40:45.346 [main] INFO 
                s.d.s.w.PropertySourcedRequestMappingHandlerMapping - Mapped URL path [/v2/api-docs] onto method [springfox.documentation.swagger2.web.Swagger2Controller#getDocumentation(String, HttpServletRequest)]
2022-07-19 20:40:45.403 [main] INFO 
                o.s.scheduling.concurrent.ThreadPoolTaskExecutor - Initializing ExecutorService 'applicationTaskExecutor'
2022-07-19 20:40:45.644 [main] INFO 
                s.d.s.web.plugins.DocumentationPluginsBootstrapper - Context refreshed
2022-07-19 20:40:45.653 [main] INFO 
                s.d.s.web.plugins.DocumentationPluginsBootstrapper - Found 1 custom documentation plugin(s)
2022-07-19 20:40:45.670 [main] INFO 
                s.d.spring.web.scanners.ApiListingReferenceScanner - Scanning for api listing references
2022-07-19 20:40:45.747 [main] INFO 
                org.apache.coyote.http11.Http11NioProtocol - Starting ProtocolHandler ["http-nio-8001"]
2022-07-19 20:40:45.757 [main] INFO 
                o.s.boot.web.embedded.tomcat.TomcatWebServer - Tomcat started on port(s): 8001 (http) with context path ''
2022-07-19 20:40:45.759 [main] INFO 
                com.tnt.eduservice.EduApplication - Started EduApplication in 2.05 seconds (JVM running for 2.519)
2022-07-19 20:40:49.626 [http-nio-8001-exec-1] INFO 
                o.a.c.core.ContainerBase.[Tomcat].[localhost].[/] - Initializing Spring DispatcherServlet 'dispatcherServlet'
2022-07-19 20:40:49.627 [http-nio-8001-exec-1] INFO 
                org.springframework.web.servlet.DispatcherServlet - Initializing Servlet 'dispatcherServlet'
2022-07-19 20:40:49.631 [http-nio-8001-exec-1] INFO 
                org.springframework.web.servlet.DispatcherServlet - Completed initialization in 4 ms
